<?xml version="1.0" encoding="UTF-8" ?>
<testsuite errors="0" failures="0" hostname="plasante-PC" name="tekdays.SponsorControllerTests" tests="8" time="1.055" timestamp="2014-01-12T14:42:33">
  <properties />
  <testcase classname="tekdays.SponsorControllerTests" name="testEdit" time="0.417" />
  <testcase classname="tekdays.SponsorControllerTests" name="testUpdate" time="0.08" />
  <testcase classname="tekdays.SponsorControllerTests" name="testShow" time="0.075" />
  <testcase classname="tekdays.SponsorControllerTests" name="testSave" time="0.079" />
  <testcase classname="tekdays.SponsorControllerTests" name="testDelete" time="0.081" />
  <testcase classname="tekdays.SponsorControllerTests" name="testList" time="0.074" />
  <testcase classname="tekdays.SponsorControllerTests" name="testCreate" time="0.057" />
  <testcase classname="tekdays.SponsorControllerTests" name="testIndex" time="0.063" />
  <system-out><![CDATA[--Output from testEdit--
--Output from testUpdate--
--Output from testShow--
--Output from testSave--
--Output from testDelete--
--Output from testList--
--Output from testCreate--
--Output from testIndex--
]]></system-out>
  <system-err><![CDATA[--Output from testEdit--
--Output from testUpdate--
--Output from testShow--
--Output from testSave--
--Output from testDelete--
--Output from testList--
--Output from testCreate--
--Output from testIndex--
]]></system-err>
</testsuite>
