<?xml version="1.0" encoding="UTF-8" ?>
<testsuite errors="0" failures="0" hostname="plasante-PC" name="tekdays.TekEventControllerTests" tests="8" time="0.662" timestamp="2014-01-12T14:42:36">
  <properties />
  <testcase classname="tekdays.TekEventControllerTests" name="testEdit" time="0.232" />
  <testcase classname="tekdays.TekEventControllerTests" name="testUpdate" time="0.07" />
  <testcase classname="tekdays.TekEventControllerTests" name="testShow" time="0.046" />
  <testcase classname="tekdays.TekEventControllerTests" name="testSave" time="0.042" />
  <testcase classname="tekdays.TekEventControllerTests" name="testDelete" time="0.049" />
  <testcase classname="tekdays.TekEventControllerTests" name="testList" time="0.04" />
  <testcase classname="tekdays.TekEventControllerTests" name="testCreate" time="0.044" />
  <testcase classname="tekdays.TekEventControllerTests" name="testIndex" time="0.046" />
  <system-out><![CDATA[--Output from testEdit--
--Output from testUpdate--
--Output from testShow--
--Output from testSave--
--Output from testDelete--
--Output from testList--
--Output from testCreate--
--Output from testIndex--
]]></system-out>
  <system-err><![CDATA[--Output from testEdit--
--Output from testUpdate--
--Output from testShow--
--Output from testSave--
--Output from testDelete--
--Output from testList--
--Output from testCreate--
--Output from testIndex--
]]></system-err>
</testsuite>
