<?xml version="1.0" encoding="UTF-8" ?>
<testsuite errors="0" failures="0" hostname="plasante-PC" name="tekdays.TekEventTests" tests="1" time="0.381" timestamp="2013-12-28T18:24:40">
  <properties />
  <testcase classname="tekdays.TekEventTests" name="testToStrind" time="0.236" />
  <system-out><![CDATA[--Output from testToStrind--
]]></system-out>
  <system-err><![CDATA[--Output from testToStrind--
]]></system-err>
</testsuite>
