<?xml version="1.0" encoding="UTF-8" ?>
<testsuite errors="0" failures="0" hostname="plasante-PC" name="tekdays.SponsorControllerTests" tests="8" time="1.369" timestamp="2014-01-03T15:48:33">
  <properties />
  <testcase classname="tekdays.SponsorControllerTests" name="testShow" time="0.503" />
  <testcase classname="tekdays.SponsorControllerTests" name="testEdit" time="0.108" />
  <testcase classname="tekdays.SponsorControllerTests" name="testUpdate" time="0.128" />
  <testcase classname="tekdays.SponsorControllerTests" name="testDelete" time="0.103" />
  <testcase classname="tekdays.SponsorControllerTests" name="testCreate" time="0.078" />
  <testcase classname="tekdays.SponsorControllerTests" name="testSave" time="0.109" />
  <testcase classname="tekdays.SponsorControllerTests" name="testList" time="0.095" />
  <testcase classname="tekdays.SponsorControllerTests" name="testIndex" time="0.08" />
  <system-out><![CDATA[--Output from testShow--
--Output from testEdit--
--Output from testUpdate--
--Output from testDelete--
--Output from testCreate--
--Output from testSave--
--Output from testList--
--Output from testIndex--
]]></system-out>
  <system-err><![CDATA[--Output from testShow--
--Output from testEdit--
--Output from testUpdate--
--Output from testDelete--
--Output from testCreate--
--Output from testSave--
--Output from testList--
--Output from testIndex--
]]></system-err>
</testsuite>
