<?xml version="1.0" encoding="UTF-8" ?>
<testsuite errors="0" failures="0" hostname="plasante-PC" name="tekdays.MessageControllerTests" tests="8" time="4.089" timestamp="2014-01-05T19:07:19">
  <properties />
  <testcase classname="tekdays.MessageControllerTests" name="testList" time="2.695" />
  <testcase classname="tekdays.MessageControllerTests" name="testShow" time="0.566" />
  <testcase classname="tekdays.MessageControllerTests" name="testSave" time="0.196" />
  <testcase classname="tekdays.MessageControllerTests" name="testUpdate" time="0.133" />
  <testcase classname="tekdays.MessageControllerTests" name="testDelete" time="0.113" />
  <testcase classname="tekdays.MessageControllerTests" name="testEdit" time="0.091" />
  <testcase classname="tekdays.MessageControllerTests" name="testCreate" time="0.07" />
  <testcase classname="tekdays.MessageControllerTests" name="testIndex" time="0.127" />
  <system-out><![CDATA[--Output from testList--
--Output from testShow--
--Output from testSave--
--Output from testUpdate--
--Output from testDelete--
--Output from testEdit--
--Output from testCreate--
--Output from testIndex--
]]></system-out>
  <system-err><![CDATA[--Output from testList--
--Output from testShow--
--Output from testSave--
--Output from testUpdate--
--Output from testDelete--
--Output from testEdit--
--Output from testCreate--
--Output from testIndex--
]]></system-err>
</testsuite>
