<?xml version="1.0" encoding="UTF-8" ?>
<testsuite errors="0" failures="0" hostname="plasante-PC" name="tekdays.SponsorControllerTests" tests="8" time="0.898" timestamp="2014-01-18T16:41:24">
  <properties />
  <testcase classname="tekdays.SponsorControllerTests" name="testList" time="0.25" />
  <testcase classname="tekdays.SponsorControllerTests" name="testUpdate" time="0.154" />
  <testcase classname="tekdays.SponsorControllerTests" name="testSave" time="0.052" />
  <testcase classname="tekdays.SponsorControllerTests" name="testEdit" time="0.048" />
  <testcase classname="tekdays.SponsorControllerTests" name="testShow" time="0.046" />
  <testcase classname="tekdays.SponsorControllerTests" name="testDelete" time="0.067" />
  <testcase classname="tekdays.SponsorControllerTests" name="testCreate" time="0.082" />
  <testcase classname="tekdays.SponsorControllerTests" name="testIndex" time="0.066" />
  <system-out><![CDATA[--Output from testList--
--Output from testUpdate--
--Output from testSave--
--Output from testEdit--
--Output from testShow--
--Output from testDelete--
--Output from testCreate--
--Output from testIndex--
]]></system-out>
  <system-err><![CDATA[--Output from testList--
--Output from testUpdate--
--Output from testSave--
--Output from testEdit--
--Output from testShow--
--Output from testDelete--
--Output from testCreate--
--Output from testIndex--
]]></system-err>
</testsuite>
