<?xml version="1.0" encoding="UTF-8" ?>
<testsuite errors="0" failures="0" hostname="plasante-PC" name="tekdays.TaskServiceTests" tests="1" time="0.285" timestamp="2014-01-11T16:56:27">
  <properties />
  <testcase classname="tekdays.TaskServiceTests" name="testAddDefaultTasks" time="0.284" />
  <system-out><![CDATA[--Output from testAddDefaultTasks--
]]></system-out>
  <system-err><![CDATA[--Output from testAddDefaultTasks--
]]></system-err>
</testsuite>
