<?xml version="1.0" encoding="UTF-8" ?>
<testsuite errors="0" failures="0" hostname="plasante-PC" name="tekdays.TekUserTests" tests="1" time="0.039" timestamp="2014-01-12T16:16:26">
  <properties />
  <testcase classname="tekdays.TekUserTests" name="testSomething" time="0.037" />
  <system-out><![CDATA[--Output from testSomething--
]]></system-out>
  <system-err><![CDATA[--Output from testSomething--
]]></system-err>
</testsuite>
