<?xml version="1.0" encoding="UTF-8" ?>
<testsuite errors="0" failures="0" hostname="plasante-PC" name="tekdays.TekUserControllerTests" tests="8" time="0.625" timestamp="2014-01-12T14:42:37">
  <properties />
  <testcase classname="tekdays.TekUserControllerTests" name="testEdit" time="0.218" />
  <testcase classname="tekdays.TekUserControllerTests" name="testUpdate" time="0.05" />
  <testcase classname="tekdays.TekUserControllerTests" name="testShow" time="0.039" />
  <testcase classname="tekdays.TekUserControllerTests" name="testSave" time="0.042" />
  <testcase classname="tekdays.TekUserControllerTests" name="testDelete" time="0.042" />
  <testcase classname="tekdays.TekUserControllerTests" name="testList" time="0.074" />
  <testcase classname="tekdays.TekUserControllerTests" name="testCreate" time="0.04" />
  <testcase classname="tekdays.TekUserControllerTests" name="testIndex" time="0.036" />
  <system-out><![CDATA[--Output from testEdit--
--Output from testUpdate--
--Output from testShow--
--Output from testSave--
--Output from testDelete--
--Output from testList--
--Output from testCreate--
--Output from testIndex--
]]></system-out>
  <system-err><![CDATA[--Output from testEdit--
--Output from testUpdate--
--Output from testShow--
--Output from testSave--
--Output from testDelete--
--Output from testList--
--Output from testCreate--
--Output from testIndex--
]]></system-err>
</testsuite>
