<?xml version="1.0" encoding="UTF-8" ?>
<testsuite errors="0" failures="0" hostname="plasante-PC" name="tekdays.SponsorshipControllerTests" tests="8" time="0.73" timestamp="2014-01-26T14:56:34">
  <properties />
  <testcase classname="tekdays.SponsorshipControllerTests" name="testList" time="0.217" />
  <testcase classname="tekdays.SponsorshipControllerTests" name="testIndex" time="0.074" />
  <testcase classname="tekdays.SponsorshipControllerTests" name="testCreate" time="0.049" />
  <testcase classname="tekdays.SponsorshipControllerTests" name="testSave" time="0.07" />
  <testcase classname="tekdays.SponsorshipControllerTests" name="testShow" time="0.049" />
  <testcase classname="tekdays.SponsorshipControllerTests" name="testEdit" time="0.055" />
  <testcase classname="tekdays.SponsorshipControllerTests" name="testUpdate" time="0.071" />
  <testcase classname="tekdays.SponsorshipControllerTests" name="testDelete" time="0.056" />
  <system-out><![CDATA[--Output from testList--
--Output from testIndex--
--Output from testCreate--
--Output from testSave--
--Output from testShow--
--Output from testEdit--
--Output from testUpdate--
--Output from testDelete--
]]></system-out>
  <system-err><![CDATA[--Output from testList--
--Output from testIndex--
--Output from testCreate--
--Output from testSave--
--Output from testShow--
--Output from testEdit--
--Output from testUpdate--
--Output from testDelete--
]]></system-err>
</testsuite>
