<?xml version="1.0" encoding="UTF-8" ?>
<testsuite errors="0" failures="0" hostname="plasante-PC" name="tekdays.DashboardControllerTests" tests="1" time="1.69" timestamp="2014-01-19T13:51:44">
  <properties />
  <testcase classname="tekdays.DashboardControllerTests" name="testSomething" time="1.331" />
  <system-out><![CDATA[--Output from testSomething--
]]></system-out>
  <system-err><![CDATA[--Output from testSomething--
]]></system-err>
</testsuite>
