<?xml version="1.0" encoding="UTF-8" ?>
<testsuite errors="0" failures="0" hostname="plasante-PC" name="tekdays.TekEventControllerTests" tests="8" time="0.681" timestamp="2014-01-18T16:41:27">
  <properties />
  <testcase classname="tekdays.TekEventControllerTests" name="testList" time="0.211" />
  <testcase classname="tekdays.TekEventControllerTests" name="testUpdate" time="0.095" />
  <testcase classname="tekdays.TekEventControllerTests" name="testSave" time="0.042" />
  <testcase classname="tekdays.TekEventControllerTests" name="testEdit" time="0.046" />
  <testcase classname="tekdays.TekEventControllerTests" name="testShow" time="0.048" />
  <testcase classname="tekdays.TekEventControllerTests" name="testDelete" time="0.054" />
  <testcase classname="tekdays.TekEventControllerTests" name="testCreate" time="0.044" />
  <testcase classname="tekdays.TekEventControllerTests" name="testIndex" time="0.043" />
  <system-out><![CDATA[--Output from testList--
--Output from testUpdate--
--Output from testSave--
--Output from testEdit--
--Output from testShow--
--Output from testDelete--
--Output from testCreate--
--Output from testIndex--
]]></system-out>
  <system-err><![CDATA[--Output from testList--
--Output from testUpdate--
--Output from testSave--
--Output from testEdit--
--Output from testShow--
--Output from testDelete--
--Output from testCreate--
--Output from testIndex--
]]></system-err>
</testsuite>
