<?xml version="1.0" encoding="UTF-8" ?>
<testsuite errors="0" failures="0" hostname="plasante-PC" name="tekdays.TekEventControllerTests" tests="8" time="0.966" timestamp="2014-01-03T15:48:38">
  <properties />
  <testcase classname="tekdays.TekEventControllerTests" name="testShow" time="0.347" />
  <testcase classname="tekdays.TekEventControllerTests" name="testEdit" time="0.108" />
  <testcase classname="tekdays.TekEventControllerTests" name="testUpdate" time="0.071" />
  <testcase classname="tekdays.TekEventControllerTests" name="testDelete" time="0.066" />
  <testcase classname="tekdays.TekEventControllerTests" name="testCreate" time="0.06" />
  <testcase classname="tekdays.TekEventControllerTests" name="testSave" time="0.068" />
  <testcase classname="tekdays.TekEventControllerTests" name="testList" time="0.053" />
  <testcase classname="tekdays.TekEventControllerTests" name="testIndex" time="0.072" />
  <system-out><![CDATA[--Output from testShow--
--Output from testEdit--
--Output from testUpdate--
--Output from testDelete--
--Output from testCreate--
--Output from testSave--
--Output from testList--
--Output from testIndex--
]]></system-out>
  <system-err><![CDATA[--Output from testShow--
--Output from testEdit--
--Output from testUpdate--
--Output from testDelete--
--Output from testCreate--
--Output from testSave--
--Output from testList--
--Output from testIndex--
]]></system-err>
</testsuite>
