<?xml version="1.0" encoding="UTF-8" ?>
<testsuite errors="0" failures="0" hostname="plasante-PC" name="tekdays.TekUserTests" tests="1" time="0.036" timestamp="2014-01-19T13:51:54">
  <properties />
  <testcase classname="tekdays.TekUserTests" name="testSomething" time="0.034" />
  <system-out><![CDATA[--Output from testSomething--
]]></system-out>
  <system-err><![CDATA[--Output from testSomething--
]]></system-err>
</testsuite>
