<?xml version="1.0" encoding="UTF-8" ?>
<testsuite errors="0" failures="0" hostname="plasante-PC" name="tekdays.TekEventControllerTests" tests="8" time="0.673" timestamp="2014-01-12T16:16:25">
  <properties />
  <testcase classname="tekdays.TekEventControllerTests" name="testCreate" time="0.21" />
  <testcase classname="tekdays.TekEventControllerTests" name="testSave" time="0.048" />
  <testcase classname="tekdays.TekEventControllerTests" name="testShow" time="0.076" />
  <testcase classname="tekdays.TekEventControllerTests" name="testUpdate" time="0.055" />
  <testcase classname="tekdays.TekEventControllerTests" name="testList" time="0.039" />
  <testcase classname="tekdays.TekEventControllerTests" name="testDelete" time="0.048" />
  <testcase classname="tekdays.TekEventControllerTests" name="testEdit" time="0.045" />
  <testcase classname="tekdays.TekEventControllerTests" name="testIndex" time="0.042" />
  <system-out><![CDATA[--Output from testCreate--
--Output from testSave--
--Output from testShow--
--Output from testUpdate--
--Output from testList--
--Output from testDelete--
--Output from testEdit--
--Output from testIndex--
]]></system-out>
  <system-err><![CDATA[--Output from testCreate--
--Output from testSave--
--Output from testShow--
--Output from testUpdate--
--Output from testList--
--Output from testDelete--
--Output from testEdit--
--Output from testIndex--
]]></system-err>
</testsuite>
