<?xml version="1.0" encoding="UTF-8" ?>
<testsuite errors="0" failures="0" hostname="plasante-PC" name="tekdays.MessageControllerTests" tests="8" time="2.335" timestamp="2014-01-19T13:51:46">
  <properties />
  <testcase classname="tekdays.MessageControllerTests" name="testList" time="1.065" />
  <testcase classname="tekdays.MessageControllerTests" name="testIndex" time="0.252" />
  <testcase classname="tekdays.MessageControllerTests" name="testCreate" time="0.151" />
  <testcase classname="tekdays.MessageControllerTests" name="testSave" time="0.398" />
  <testcase classname="tekdays.MessageControllerTests" name="testShow" time="0.081" />
  <testcase classname="tekdays.MessageControllerTests" name="testEdit" time="0.082" />
  <testcase classname="tekdays.MessageControllerTests" name="testUpdate" time="0.116" />
  <testcase classname="tekdays.MessageControllerTests" name="testDelete" time="0.098" />
  <system-out><![CDATA[--Output from testList--
--Output from testIndex--
--Output from testCreate--
--Output from testSave--
--Output from testShow--
--Output from testEdit--
--Output from testUpdate--
--Output from testDelete--
]]></system-out>
  <system-err><![CDATA[--Output from testList--
--Output from testIndex--
--Output from testCreate--
--Output from testSave--
--Output from testShow--
--Output from testEdit--
--Output from testUpdate--
--Output from testDelete--
]]></system-err>
</testsuite>
