<?xml version="1.0" encoding="UTF-8" ?>
<testsuite errors="0" failures="0" hostname="plasante-PC" name="tekdays.SponsorshipControllerTests" tests="8" time="0.772" timestamp="2014-01-12T16:16:23">
  <properties />
  <testcase classname="tekdays.SponsorshipControllerTests" name="testCreate" time="0.195" />
  <testcase classname="tekdays.SponsorshipControllerTests" name="testSave" time="0.107" />
  <testcase classname="tekdays.SponsorshipControllerTests" name="testShow" time="0.1" />
  <testcase classname="tekdays.SponsorshipControllerTests" name="testUpdate" time="0.059" />
  <testcase classname="tekdays.SponsorshipControllerTests" name="testList" time="0.049" />
  <testcase classname="tekdays.SponsorshipControllerTests" name="testDelete" time="0.055" />
  <testcase classname="tekdays.SponsorshipControllerTests" name="testEdit" time="0.058" />
  <testcase classname="tekdays.SponsorshipControllerTests" name="testIndex" time="0.055" />
  <system-out><![CDATA[--Output from testCreate--
--Output from testSave--
--Output from testShow--
--Output from testUpdate--
--Output from testList--
--Output from testDelete--
--Output from testEdit--
--Output from testIndex--
]]></system-out>
  <system-err><![CDATA[--Output from testCreate--
--Output from testSave--
--Output from testShow--
--Output from testUpdate--
--Output from testList--
--Output from testDelete--
--Output from testEdit--
--Output from testIndex--
]]></system-err>
</testsuite>
