<?xml version="1.0" encoding="UTF-8" ?>
<testsuite errors="0" failures="0" hostname="plasante-PC" name="tekdays.TekEventTests" tests="1" time="0.179" timestamp="2014-01-18T16:41:28">
  <properties />
  <testcase classname="tekdays.TekEventTests" name="testToString" time="0.082" />
  <system-out><![CDATA[--Output from testToString--
]]></system-out>
  <system-err><![CDATA[--Output from testToString--
]]></system-err>
</testsuite>
