<?xml version="1.0" encoding="UTF-8" ?>
<testsuite errors="0" failures="0" hostname="plasante-PC" name="tekdays.TekEventControllerTests" tests="8" time="0.649" timestamp="2014-01-05T19:07:27">
  <properties />
  <testcase classname="tekdays.TekEventControllerTests" name="testList" time="0.201" />
  <testcase classname="tekdays.TekEventControllerTests" name="testShow" time="0.09" />
  <testcase classname="tekdays.TekEventControllerTests" name="testSave" time="0.048" />
  <testcase classname="tekdays.TekEventControllerTests" name="testUpdate" time="0.063" />
  <testcase classname="tekdays.TekEventControllerTests" name="testDelete" time="0.046" />
  <testcase classname="tekdays.TekEventControllerTests" name="testEdit" time="0.042" />
  <testcase classname="tekdays.TekEventControllerTests" name="testCreate" time="0.039" />
  <testcase classname="tekdays.TekEventControllerTests" name="testIndex" time="0.04" />
  <system-out><![CDATA[--Output from testList--
--Output from testShow--
--Output from testSave--
--Output from testUpdate--
--Output from testDelete--
--Output from testEdit--
--Output from testCreate--
--Output from testIndex--
]]></system-out>
  <system-err><![CDATA[--Output from testList--
--Output from testShow--
--Output from testSave--
--Output from testUpdate--
--Output from testDelete--
--Output from testEdit--
--Output from testCreate--
--Output from testIndex--
]]></system-err>
</testsuite>
