<?xml version="1.0" encoding="UTF-8" ?>
<testsuite errors="0" failures="0" hostname="plasante-PC" name="tekdays.TaskControllerTests" tests="8" time="0.696" timestamp="2014-01-12T16:16:24">
  <properties />
  <testcase classname="tekdays.TaskControllerTests" name="testCreate" time="0.221" />
  <testcase classname="tekdays.TaskControllerTests" name="testSave" time="0.09" />
  <testcase classname="tekdays.TaskControllerTests" name="testShow" time="0.058" />
  <testcase classname="tekdays.TaskControllerTests" name="testUpdate" time="0.056" />
  <testcase classname="tekdays.TaskControllerTests" name="testList" time="0.042" />
  <testcase classname="tekdays.TaskControllerTests" name="testDelete" time="0.046" />
  <testcase classname="tekdays.TaskControllerTests" name="testEdit" time="0.042" />
  <testcase classname="tekdays.TaskControllerTests" name="testIndex" time="0.039" />
  <system-out><![CDATA[--Output from testCreate--
--Output from testSave--
--Output from testShow--
--Output from testUpdate--
--Output from testList--
--Output from testDelete--
--Output from testEdit--
--Output from testIndex--
]]></system-out>
  <system-err><![CDATA[--Output from testCreate--
--Output from testSave--
--Output from testShow--
--Output from testUpdate--
--Output from testList--
--Output from testDelete--
--Output from testEdit--
--Output from testIndex--
]]></system-err>
</testsuite>
