<?xml version="1.0" encoding="UTF-8" ?>
<testsuite errors="0" failures="0" hostname="plasante-PC" name="tekdays.SponsorControllerTests" tests="1" time="1.335" timestamp="2014-01-02T14:16:27">
  <properties />
  <testcase classname="tekdays.SponsorControllerTests" name="testSomething" time="1.264" />
  <system-out><![CDATA[--Output from testSomething--
]]></system-out>
  <system-err><![CDATA[--Output from testSomething--
]]></system-err>
</testsuite>
