<?xml version="1.0" encoding="UTF-8" ?>
<testsuite errors="0" failures="0" hostname="plasante-PC" name="tekdays.SponsorshipTests" tests="1" time="0.126" timestamp="2014-01-26T14:56:35">
  <properties />
  <testcase classname="tekdays.SponsorshipTests" name="testSomething" time="0.045" />
  <system-out><![CDATA[--Output from testSomething--
]]></system-out>
  <system-err><![CDATA[--Output from testSomething--
]]></system-err>
</testsuite>
