<?xml version="1.0" encoding="UTF-8" ?>
<testsuite errors="0" failures="0" hostname="plasante-PC" name="tekdays.SponsorshipControllerTests" tests="8" time="0.78" timestamp="2014-01-12T14:42:34">
  <properties />
  <testcase classname="tekdays.SponsorshipControllerTests" name="testEdit" time="0.241" />
  <testcase classname="tekdays.SponsorshipControllerTests" name="testUpdate" time="0.081" />
  <testcase classname="tekdays.SponsorshipControllerTests" name="testShow" time="0.113" />
  <testcase classname="tekdays.SponsorshipControllerTests" name="testSave" time="0.066" />
  <testcase classname="tekdays.SponsorshipControllerTests" name="testDelete" time="0.051" />
  <testcase classname="tekdays.SponsorshipControllerTests" name="testList" time="0.041" />
  <testcase classname="tekdays.SponsorshipControllerTests" name="testCreate" time="0.041" />
  <testcase classname="tekdays.SponsorshipControllerTests" name="testIndex" time="0.047" />
  <system-out><![CDATA[--Output from testEdit--
--Output from testUpdate--
--Output from testShow--
--Output from testSave--
--Output from testDelete--
--Output from testList--
--Output from testCreate--
--Output from testIndex--
]]></system-out>
  <system-err><![CDATA[--Output from testEdit--
--Output from testUpdate--
--Output from testShow--
--Output from testSave--
--Output from testDelete--
--Output from testList--
--Output from testCreate--
--Output from testIndex--
]]></system-err>
</testsuite>
