<?xml version="1.0" encoding="UTF-8" ?>
<testsuite errors="0" failures="0" hostname="plasante-PC" name="tekdays.TaskTests" tests="1" time="0.147" timestamp="2014-01-18T16:41:27">
  <properties />
  <testcase classname="tekdays.TaskTests" name="testSomething" time="0.052" />
  <system-out><![CDATA[--Output from testSomething--
]]></system-out>
  <system-err><![CDATA[--Output from testSomething--
]]></system-err>
</testsuite>
