<?xml version="1.0" encoding="UTF-8" ?>
<testsuite errors="0" failures="0" hostname="plasante-PC" name="tekdays.SecurityFiltersTests" tests="1" time="0.523" timestamp="2014-01-19T13:51:49">
  <properties />
  <testcase classname="tekdays.SecurityFiltersTests" name="testSomething" time="0.341" />
  <system-out><![CDATA[--Output from testSomething--
]]></system-out>
  <system-err><![CDATA[--Output from testSomething--
]]></system-err>
</testsuite>
