<?xml version="1.0" encoding="UTF-8" ?>
<testsuite errors="0" failures="0" hostname="plasante-PC" name="tekdays.TekEventControllerTests" tests="8" time="0.742" timestamp="2014-01-11T16:56:16">
  <properties />
  <testcase classname="tekdays.TekEventControllerTests" name="testIndex" time="0.222" />
  <testcase classname="tekdays.TekEventControllerTests" name="testList" time="0.052" />
  <testcase classname="tekdays.TekEventControllerTests" name="testCreate" time="0.053" />
  <testcase classname="tekdays.TekEventControllerTests" name="testSave" time="0.05" />
  <testcase classname="tekdays.TekEventControllerTests" name="testShow" time="0.062" />
  <testcase classname="tekdays.TekEventControllerTests" name="testEdit" time="0.065" />
  <testcase classname="tekdays.TekEventControllerTests" name="testUpdate" time="0.072" />
  <testcase classname="tekdays.TekEventControllerTests" name="testDelete" time="0.069" />
  <system-out><![CDATA[--Output from testIndex--
--Output from testList--
--Output from testCreate--
--Output from testSave--
--Output from testShow--
--Output from testEdit--
--Output from testUpdate--
--Output from testDelete--
]]></system-out>
  <system-err><![CDATA[--Output from testIndex--
--Output from testList--
--Output from testCreate--
--Output from testSave--
--Output from testShow--
--Output from testEdit--
--Output from testUpdate--
--Output from testDelete--
]]></system-err>
</testsuite>
