<?xml version="1.0" encoding="UTF-8" ?>
<testsuite errors="0" failures="0" hostname="plasante-PC" name="tekdays.TekUserControllerTests" tests="8" time="0.632" timestamp="2014-01-19T13:51:53">
  <properties />
  <testcase classname="tekdays.TekUserControllerTests" name="testList" time="0.218" />
  <testcase classname="tekdays.TekUserControllerTests" name="testIndex" time="0.064" />
  <testcase classname="tekdays.TekUserControllerTests" name="testCreate" time="0.043" />
  <testcase classname="tekdays.TekUserControllerTests" name="testSave" time="0.052" />
  <testcase classname="tekdays.TekUserControllerTests" name="testShow" time="0.039" />
  <testcase classname="tekdays.TekUserControllerTests" name="testEdit" time="0.039" />
  <testcase classname="tekdays.TekUserControllerTests" name="testUpdate" time="0.047" />
  <testcase classname="tekdays.TekUserControllerTests" name="testDelete" time="0.046" />
  <system-out><![CDATA[--Output from testList--
--Output from testIndex--
--Output from testCreate--
--Output from testSave--
--Output from testShow--
--Output from testEdit--
--Output from testUpdate--
--Output from testDelete--
]]></system-out>
  <system-err><![CDATA[--Output from testList--
--Output from testIndex--
--Output from testCreate--
--Output from testSave--
--Output from testShow--
--Output from testEdit--
--Output from testUpdate--
--Output from testDelete--
]]></system-err>
</testsuite>
