<?xml version="1.0" encoding="UTF-8" ?>
<testsuite errors="0" failures="0" hostname="plasante-PC" name="tekdays.TekUserControllerTests" tests="8" time="0.665" timestamp="2014-01-18T16:41:28">
  <properties />
  <testcase classname="tekdays.TekUserControllerTests" name="testList" time="0.193" />
  <testcase classname="tekdays.TekUserControllerTests" name="testUpdate" time="0.097" />
  <testcase classname="tekdays.TekUserControllerTests" name="testSave" time="0.056" />
  <testcase classname="tekdays.TekUserControllerTests" name="testEdit" time="0.05" />
  <testcase classname="tekdays.TekUserControllerTests" name="testShow" time="0.046" />
  <testcase classname="tekdays.TekUserControllerTests" name="testDelete" time="0.045" />
  <testcase classname="tekdays.TekUserControllerTests" name="testCreate" time="0.037" />
  <testcase classname="tekdays.TekUserControllerTests" name="testIndex" time="0.038" />
  <system-out><![CDATA[--Output from testList--
--Output from testUpdate--
--Output from testSave--
--Output from testEdit--
--Output from testShow--
--Output from testDelete--
--Output from testCreate--
--Output from testIndex--
]]></system-out>
  <system-err><![CDATA[--Output from testList--
--Output from testUpdate--
--Output from testSave--
--Output from testEdit--
--Output from testShow--
--Output from testDelete--
--Output from testCreate--
--Output from testIndex--
]]></system-err>
</testsuite>
