<?xml version="1.0" encoding="UTF-8" ?>
<testsuite errors="0" failures="0" hostname="plasante-PC" name="tekdays.TaskControllerTests" tests="8" time="0.728" timestamp="2014-01-05T19:07:26">
  <properties />
  <testcase classname="tekdays.TaskControllerTests" name="testList" time="0.227" />
  <testcase classname="tekdays.TaskControllerTests" name="testShow" time="0.091" />
  <testcase classname="tekdays.TaskControllerTests" name="testSave" time="0.07" />
  <testcase classname="tekdays.TaskControllerTests" name="testUpdate" time="0.068" />
  <testcase classname="tekdays.TaskControllerTests" name="testDelete" time="0.054" />
  <testcase classname="tekdays.TaskControllerTests" name="testEdit" time="0.049" />
  <testcase classname="tekdays.TaskControllerTests" name="testCreate" time="0.051" />
  <testcase classname="tekdays.TaskControllerTests" name="testIndex" time="0.045" />
  <system-out><![CDATA[--Output from testList--
--Output from testShow--
--Output from testSave--
--Output from testUpdate--
--Output from testDelete--
--Output from testEdit--
--Output from testCreate--
--Output from testIndex--
]]></system-out>
  <system-err><![CDATA[--Output from testList--
--Output from testShow--
--Output from testSave--
--Output from testUpdate--
--Output from testDelete--
--Output from testEdit--
--Output from testCreate--
--Output from testIndex--
]]></system-err>
</testsuite>
