<?xml version="1.0" encoding="UTF-8" ?>
<testsuite errors="0" failures="0" hostname="plasante-PC" name="tekdays.MessageControllerTests" tests="8" time="4.786" timestamp="2014-01-03T15:48:27">
  <properties />
  <testcase classname="tekdays.MessageControllerTests" name="testShow" time="3.061" />
  <testcase classname="tekdays.MessageControllerTests" name="testEdit" time="0.169" />
  <testcase classname="tekdays.MessageControllerTests" name="testUpdate" time="0.302" />
  <testcase classname="tekdays.MessageControllerTests" name="testDelete" time="0.668" />
  <testcase classname="tekdays.MessageControllerTests" name="testCreate" time="0.115" />
  <testcase classname="tekdays.MessageControllerTests" name="testSave" time="0.118" />
  <testcase classname="tekdays.MessageControllerTests" name="testList" time="0.138" />
  <testcase classname="tekdays.MessageControllerTests" name="testIndex" time="0.098" />
  <system-out><![CDATA[--Output from testShow--
--Output from testEdit--
--Output from testUpdate--
--Output from testDelete--
--Output from testCreate--
--Output from testSave--
--Output from testList--
--Output from testIndex--
]]></system-out>
  <system-err><![CDATA[--Output from testShow--
--Output from testEdit--
--Output from testUpdate--
--Output from testDelete--
--Output from testCreate--
--Output from testSave--
--Output from testList--
--Output from testIndex--
]]></system-err>
</testsuite>
