<?xml version="1.0" encoding="UTF-8" ?>
<testsuite errors="0" failures="0" hostname="plasante-PC" name="tekdays.TekEventTests" tests="1" time="0.844" timestamp="2013-12-26T17:52:51">
  <properties />
  <testcase classname="tekdays.TekEventTests" name="testToStrind" time="0.811" />
  <system-out><![CDATA[--Output from testToStrind--
]]></system-out>
  <system-err><![CDATA[--Output from testToStrind--
]]></system-err>
</testsuite>
