<?xml version="1.0" encoding="UTF-8" ?>
<testsuite errors="0" failures="0" hostname="plasante-PC" name="tekdays.TaskControllerTests" tests="8" time="1.17" timestamp="2014-01-18T16:41:26">
  <properties />
  <testcase classname="tekdays.TaskControllerTests" name="testList" time="0.191" />
  <testcase classname="tekdays.TaskControllerTests" name="testUpdate" time="0.098" />
  <testcase classname="tekdays.TaskControllerTests" name="testSave" time="0.588" />
  <testcase classname="tekdays.TaskControllerTests" name="testEdit" time="0.044" />
  <testcase classname="tekdays.TaskControllerTests" name="testShow" time="0.04" />
  <testcase classname="tekdays.TaskControllerTests" name="testDelete" time="0.046" />
  <testcase classname="tekdays.TaskControllerTests" name="testCreate" time="0.039" />
  <testcase classname="tekdays.TaskControllerTests" name="testIndex" time="0.04" />
  <system-out><![CDATA[--Output from testList--
--Output from testUpdate--
--Output from testSave--
--Output from testEdit--
--Output from testShow--
--Output from testDelete--
--Output from testCreate--
--Output from testIndex--
]]></system-out>
  <system-err><![CDATA[--Output from testList--
--Output from testUpdate--
--Output from testSave--
--Output from testEdit--
--Output from testShow--
--Output from testDelete--
--Output from testCreate--
--Output from testIndex--
]]></system-err>
</testsuite>
