<?xml version="1.0" encoding="UTF-8" ?>
<testsuite errors="0" failures="0" hostname="plasante-PC" name="tekdays.SponsorshipControllerTests" tests="8" time="0.99" timestamp="2014-01-11T16:56:14">
  <properties />
  <testcase classname="tekdays.SponsorshipControllerTests" name="testIndex" time="0.271" />
  <testcase classname="tekdays.SponsorshipControllerTests" name="testList" time="0.081" />
  <testcase classname="tekdays.SponsorshipControllerTests" name="testCreate" time="0.085" />
  <testcase classname="tekdays.SponsorshipControllerTests" name="testSave" time="0.11" />
  <testcase classname="tekdays.SponsorshipControllerTests" name="testShow" time="0.085" />
  <testcase classname="tekdays.SponsorshipControllerTests" name="testEdit" time="0.084" />
  <testcase classname="tekdays.SponsorshipControllerTests" name="testUpdate" time="0.067" />
  <testcase classname="tekdays.SponsorshipControllerTests" name="testDelete" time="0.081" />
  <system-out><![CDATA[--Output from testIndex--
--Output from testList--
--Output from testCreate--
--Output from testSave--
--Output from testShow--
--Output from testEdit--
--Output from testUpdate--
--Output from testDelete--
]]></system-out>
  <system-err><![CDATA[--Output from testIndex--
--Output from testList--
--Output from testCreate--
--Output from testSave--
--Output from testShow--
--Output from testEdit--
--Output from testUpdate--
--Output from testDelete--
]]></system-err>
</testsuite>
