<?xml version="1.0" encoding="UTF-8" ?>
<testsuite errors="0" failures="0" hostname="plasante-PC" name="tekdays.TaskControllerTests" tests="8" time="1.314" timestamp="2014-01-11T16:56:15">
  <properties />
  <testcase classname="tekdays.TaskControllerTests" name="testIndex" time="0.257" />
  <testcase classname="tekdays.TaskControllerTests" name="testList" time="0.044" />
  <testcase classname="tekdays.TaskControllerTests" name="testCreate" time="0.063" />
  <testcase classname="tekdays.TaskControllerTests" name="testSave" time="0.059" />
  <testcase classname="tekdays.TaskControllerTests" name="testShow" time="0.044" />
  <testcase classname="tekdays.TaskControllerTests" name="testEdit" time="0.049" />
  <testcase classname="tekdays.TaskControllerTests" name="testUpdate" time="0.05" />
  <testcase classname="tekdays.TaskControllerTests" name="testDelete" time="0.673" />
  <system-out><![CDATA[--Output from testIndex--
--Output from testList--
--Output from testCreate--
--Output from testSave--
--Output from testShow--
--Output from testEdit--
--Output from testUpdate--
--Output from testDelete--
]]></system-out>
  <system-err><![CDATA[--Output from testIndex--
--Output from testList--
--Output from testCreate--
--Output from testSave--
--Output from testShow--
--Output from testEdit--
--Output from testUpdate--
--Output from testDelete--
]]></system-err>
</testsuite>
