<?xml version="1.0" encoding="UTF-8" ?>
<testsuite errors="0" failures="0" hostname="plasante-PC" name="tekdays.TaskControllerTests" tests="8" time="1.095" timestamp="2014-01-19T14:14:56">
  <properties />
  <testcase classname="tekdays.TaskControllerTests" name="testList" time="0.634" />
  <testcase classname="tekdays.TaskControllerTests" name="testIndex" time="0.064" />
  <testcase classname="tekdays.TaskControllerTests" name="testCreate" time="0.057" />
  <testcase classname="tekdays.TaskControllerTests" name="testSave" time="0.062" />
  <testcase classname="tekdays.TaskControllerTests" name="testShow" time="0.042" />
  <testcase classname="tekdays.TaskControllerTests" name="testEdit" time="0.041" />
  <testcase classname="tekdays.TaskControllerTests" name="testUpdate" time="0.058" />
  <testcase classname="tekdays.TaskControllerTests" name="testDelete" time="0.046" />
  <system-out><![CDATA[--Output from testList--
--Output from testIndex--
--Output from testCreate--
--Output from testSave--
--Output from testShow--
--Output from testEdit--
--Output from testUpdate--
--Output from testDelete--
]]></system-out>
  <system-err><![CDATA[--Output from testList--
--Output from testIndex--
--Output from testCreate--
--Output from testSave--
--Output from testShow--
--Output from testEdit--
--Output from testUpdate--
--Output from testDelete--
]]></system-err>
</testsuite>
