<?xml version="1.0" encoding="UTF-8" ?>
<testsuite errors="0" failures="0" hostname="plasante-PC" name="tekdays.SponsorControllerTests" tests="8" time="0.99" timestamp="2014-01-12T16:16:22">
  <properties />
  <testcase classname="tekdays.SponsorControllerTests" name="testCreate" time="0.263" />
  <testcase classname="tekdays.SponsorControllerTests" name="testSave" time="0.146" />
  <testcase classname="tekdays.SponsorControllerTests" name="testShow" time="0.093" />
  <testcase classname="tekdays.SponsorControllerTests" name="testUpdate" time="0.094" />
  <testcase classname="tekdays.SponsorControllerTests" name="testList" time="0.059" />
  <testcase classname="tekdays.SponsorControllerTests" name="testDelete" time="0.085" />
  <testcase classname="tekdays.SponsorControllerTests" name="testEdit" time="0.06" />
  <testcase classname="tekdays.SponsorControllerTests" name="testIndex" time="0.055" />
  <system-out><![CDATA[--Output from testCreate--
--Output from testSave--
--Output from testShow--
--Output from testUpdate--
--Output from testList--
--Output from testDelete--
--Output from testEdit--
--Output from testIndex--
]]></system-out>
  <system-err><![CDATA[--Output from testCreate--
--Output from testSave--
--Output from testShow--
--Output from testUpdate--
--Output from testList--
--Output from testDelete--
--Output from testEdit--
--Output from testIndex--
]]></system-err>
</testsuite>
