<?xml version="1.0" encoding="UTF-8" ?>
<testsuite errors="0" failures="0" hostname="plasante-PC" name="tekdays.SponsorshipControllerTests" tests="8" time="1.264" timestamp="2014-01-05T19:07:24">
  <properties />
  <testcase classname="tekdays.SponsorshipControllerTests" name="testList" time="0.193" />
  <testcase classname="tekdays.SponsorshipControllerTests" name="testShow" time="0.092" />
  <testcase classname="tekdays.SponsorshipControllerTests" name="testSave" time="0.056" />
  <testcase classname="tekdays.SponsorshipControllerTests" name="testUpdate" time="0.652" />
  <testcase classname="tekdays.SponsorshipControllerTests" name="testDelete" time="0.052" />
  <testcase classname="tekdays.SponsorshipControllerTests" name="testEdit" time="0.054" />
  <testcase classname="tekdays.SponsorshipControllerTests" name="testCreate" time="0.045" />
  <testcase classname="tekdays.SponsorshipControllerTests" name="testIndex" time="0.044" />
  <system-out><![CDATA[--Output from testList--
--Output from testShow--
--Output from testSave--
--Output from testUpdate--
--Output from testDelete--
--Output from testEdit--
--Output from testCreate--
--Output from testIndex--
]]></system-out>
  <system-err><![CDATA[--Output from testList--
--Output from testShow--
--Output from testSave--
--Output from testUpdate--
--Output from testDelete--
--Output from testEdit--
--Output from testCreate--
--Output from testIndex--
]]></system-err>
</testsuite>
