<?xml version="1.0" encoding="UTF-8" ?>
<testsuite errors="0" failures="0" hostname="plasante-PC" name="tekdays.TekUserControllerTests" tests="8" time="0.824" timestamp="2014-01-11T16:56:17">
  <properties />
  <testcase classname="tekdays.TekUserControllerTests" name="testIndex" time="0.302" />
  <testcase classname="tekdays.TekUserControllerTests" name="testList" time="0.05" />
  <testcase classname="tekdays.TekUserControllerTests" name="testCreate" time="0.057" />
  <testcase classname="tekdays.TekUserControllerTests" name="testSave" time="0.079" />
  <testcase classname="tekdays.TekUserControllerTests" name="testShow" time="0.052" />
  <testcase classname="tekdays.TekUserControllerTests" name="testEdit" time="0.052" />
  <testcase classname="tekdays.TekUserControllerTests" name="testUpdate" time="0.072" />
  <testcase classname="tekdays.TekUserControllerTests" name="testDelete" time="0.056" />
  <system-out><![CDATA[--Output from testIndex--
--Output from testList--
--Output from testCreate--
--Output from testSave--
--Output from testShow--
--Output from testEdit--
--Output from testUpdate--
--Output from testDelete--
]]></system-out>
  <system-err><![CDATA[--Output from testIndex--
--Output from testList--
--Output from testCreate--
--Output from testSave--
--Output from testShow--
--Output from testEdit--
--Output from testUpdate--
--Output from testDelete--
]]></system-err>
</testsuite>
