<?xml version="1.0" encoding="UTF-8" ?>
<testsuite errors="0" failures="0" hostname="plasante-PC" name="tekdays.TaskControllerTests" tests="8" time="0.657" timestamp="2014-01-26T14:56:35">
  <properties />
  <testcase classname="tekdays.TaskControllerTests" name="testList" time="0.185" />
  <testcase classname="tekdays.TaskControllerTests" name="testIndex" time="0.067" />
  <testcase classname="tekdays.TaskControllerTests" name="testCreate" time="0.046" />
  <testcase classname="tekdays.TaskControllerTests" name="testSave" time="0.073" />
  <testcase classname="tekdays.TaskControllerTests" name="testShow" time="0.05" />
  <testcase classname="tekdays.TaskControllerTests" name="testEdit" time="0.047" />
  <testcase classname="tekdays.TaskControllerTests" name="testUpdate" time="0.055" />
  <testcase classname="tekdays.TaskControllerTests" name="testDelete" time="0.049" />
  <system-out><![CDATA[--Output from testList--
--Output from testIndex--
--Output from testCreate--
--Output from testSave--
--Output from testShow--
--Output from testEdit--
--Output from testUpdate--
--Output from testDelete--
]]></system-out>
  <system-err><![CDATA[--Output from testList--
--Output from testIndex--
--Output from testCreate--
--Output from testSave--
--Output from testShow--
--Output from testEdit--
--Output from testUpdate--
--Output from testDelete--
]]></system-err>
</testsuite>
