<?xml version="1.0" encoding="UTF-8" ?>
<testsuite errors="0" failures="0" hostname="plasante-PC" name="tekdays.SponsorshipControllerTests" tests="8" time="0.77" timestamp="2014-01-18T16:41:25">
  <properties />
  <testcase classname="tekdays.SponsorshipControllerTests" name="testList" time="0.214" />
  <testcase classname="tekdays.SponsorshipControllerTests" name="testUpdate" time="0.098" />
  <testcase classname="tekdays.SponsorshipControllerTests" name="testSave" time="0.064" />
  <testcase classname="tekdays.SponsorshipControllerTests" name="testEdit" time="0.081" />
  <testcase classname="tekdays.SponsorshipControllerTests" name="testShow" time="0.059" />
  <testcase classname="tekdays.SponsorshipControllerTests" name="testDelete" time="0.069" />
  <testcase classname="tekdays.SponsorshipControllerTests" name="testCreate" time="0.044" />
  <testcase classname="tekdays.SponsorshipControllerTests" name="testIndex" time="0.046" />
  <system-out><![CDATA[--Output from testList--
--Output from testUpdate--
--Output from testSave--
--Output from testEdit--
--Output from testShow--
--Output from testDelete--
--Output from testCreate--
--Output from testIndex--
]]></system-out>
  <system-err><![CDATA[--Output from testList--
--Output from testUpdate--
--Output from testSave--
--Output from testEdit--
--Output from testShow--
--Output from testDelete--
--Output from testCreate--
--Output from testIndex--
]]></system-err>
</testsuite>
