<?xml version="1.0" encoding="UTF-8" ?>
<testsuite errors="0" failures="0" hostname="plasante-PC" name="tekdays.MessageControllerTests" tests="8" time="4.65" timestamp="2014-01-12T16:16:17">
  <properties />
  <testcase classname="tekdays.MessageControllerTests" name="testCreate" time="2.725" />
  <testcase classname="tekdays.MessageControllerTests" name="testSave" time="1.099" />
  <testcase classname="tekdays.MessageControllerTests" name="testShow" time="0.149" />
  <testcase classname="tekdays.MessageControllerTests" name="testUpdate" time="0.152" />
  <testcase classname="tekdays.MessageControllerTests" name="testList" time="0.091" />
  <testcase classname="tekdays.MessageControllerTests" name="testDelete" time="0.151" />
  <testcase classname="tekdays.MessageControllerTests" name="testEdit" time="0.084" />
  <testcase classname="tekdays.MessageControllerTests" name="testIndex" time="0.078" />
  <system-out><![CDATA[--Output from testCreate--
--Output from testSave--
--Output from testShow--
--Output from testUpdate--
--Output from testList--
--Output from testDelete--
--Output from testEdit--
--Output from testIndex--
]]></system-out>
  <system-err><![CDATA[--Output from testCreate--
--Output from testSave--
--Output from testShow--
--Output from testUpdate--
--Output from testList--
--Output from testDelete--
--Output from testEdit--
--Output from testIndex--
]]></system-err>
</testsuite>
