<?xml version="1.0" encoding="UTF-8" ?>
<testsuite errors="0" failures="0" hostname="plasante-PC" name="tekdays.SponsorControllerTests" tests="8" time="0.906" timestamp="2014-01-05T19:07:23">
  <properties />
  <testcase classname="tekdays.SponsorControllerTests" name="testList" time="0.245" />
  <testcase classname="tekdays.SponsorControllerTests" name="testShow" time="0.099" />
  <testcase classname="tekdays.SponsorControllerTests" name="testSave" time="0.083" />
  <testcase classname="tekdays.SponsorControllerTests" name="testUpdate" time="0.084" />
  <testcase classname="tekdays.SponsorControllerTests" name="testDelete" time="0.065" />
  <testcase classname="tekdays.SponsorControllerTests" name="testEdit" time="0.078" />
  <testcase classname="tekdays.SponsorControllerTests" name="testCreate" time="0.063" />
  <testcase classname="tekdays.SponsorControllerTests" name="testIndex" time="0.067" />
  <system-out><![CDATA[--Output from testList--
--Output from testShow--
--Output from testSave--
--Output from testUpdate--
--Output from testDelete--
--Output from testEdit--
--Output from testCreate--
--Output from testIndex--
]]></system-out>
  <system-err><![CDATA[--Output from testList--
--Output from testShow--
--Output from testSave--
--Output from testUpdate--
--Output from testDelete--
--Output from testEdit--
--Output from testCreate--
--Output from testIndex--
]]></system-err>
</testsuite>
