<?xml version="1.0" encoding="UTF-8" ?>
<testsuite errors="0" failures="0" hostname="plasante-PC" name="tekdays.TaskControllerTests" tests="8" time="1.24" timestamp="2014-01-19T13:51:51">
  <properties />
  <testcase classname="tekdays.TaskControllerTests" name="testList" time="0.729" />
  <testcase classname="tekdays.TaskControllerTests" name="testIndex" time="0.108" />
  <testcase classname="tekdays.TaskControllerTests" name="testCreate" time="0.067" />
  <testcase classname="tekdays.TaskControllerTests" name="testSave" time="0.064" />
  <testcase classname="tekdays.TaskControllerTests" name="testShow" time="0.041" />
  <testcase classname="tekdays.TaskControllerTests" name="testEdit" time="0.046" />
  <testcase classname="tekdays.TaskControllerTests" name="testUpdate" time="0.054" />
  <testcase classname="tekdays.TaskControllerTests" name="testDelete" time="0.047" />
  <system-out><![CDATA[--Output from testList--
--Output from testIndex--
--Output from testCreate--
--Output from testSave--
--Output from testShow--
--Output from testEdit--
--Output from testUpdate--
--Output from testDelete--
]]></system-out>
  <system-err><![CDATA[--Output from testList--
--Output from testIndex--
--Output from testCreate--
--Output from testSave--
--Output from testShow--
--Output from testEdit--
--Output from testUpdate--
--Output from testDelete--
]]></system-err>
</testsuite>
