<?xml version="1.0" encoding="UTF-8" ?>
<testsuite errors="0" failures="0" hostname="plasante-PC" name="tekdays.TekUserControllerTests" tests="8" time="0.655" timestamp="2014-01-19T14:14:58">
  <properties />
  <testcase classname="tekdays.TekUserControllerTests" name="testList" time="0.209" />
  <testcase classname="tekdays.TekUserControllerTests" name="testIndex" time="0.075" />
  <testcase classname="tekdays.TekUserControllerTests" name="testCreate" time="0.059" />
  <testcase classname="tekdays.TekUserControllerTests" name="testSave" time="0.057" />
  <testcase classname="tekdays.TekUserControllerTests" name="testShow" time="0.04" />
  <testcase classname="tekdays.TekUserControllerTests" name="testEdit" time="0.04" />
  <testcase classname="tekdays.TekUserControllerTests" name="testUpdate" time="0.048" />
  <testcase classname="tekdays.TekUserControllerTests" name="testDelete" time="0.045" />
  <system-out><![CDATA[--Output from testList--
--Output from testIndex--
--Output from testCreate--
--Output from testSave--
--Output from testShow--
--Output from testEdit--
--Output from testUpdate--
--Output from testDelete--
]]></system-out>
  <system-err><![CDATA[--Output from testList--
--Output from testIndex--
--Output from testCreate--
--Output from testSave--
--Output from testShow--
--Output from testEdit--
--Output from testUpdate--
--Output from testDelete--
]]></system-err>
</testsuite>
