<?xml version="1.0" encoding="UTF-8" ?>
<testsuite errors="0" failures="0" hostname="plasante-PC" name="tekdays.TaskServiceTests" tests="1" time="0.565" timestamp="2014-01-26T14:56:48">
  <properties />
  <testcase classname="tekdays.TaskServiceTests" name="testAddDefaultTasks" time="0.563" />
  <system-out><![CDATA[--Output from testAddDefaultTasks--
]]></system-out>
  <system-err><![CDATA[--Output from testAddDefaultTasks--
]]></system-err>
</testsuite>
