<?xml version="1.0" encoding="UTF-8" ?>
<testsuite errors="0" failures="0" hostname="plasante-PC" name="tekdays.MessageControllerTests" tests="8" time="3.889" timestamp="2014-01-18T16:41:19">
  <properties />
  <testcase classname="tekdays.MessageControllerTests" name="testList" time="2.594" />
  <testcase classname="tekdays.MessageControllerTests" name="testUpdate" time="0.632" />
  <testcase classname="tekdays.MessageControllerTests" name="testSave" time="0.113" />
  <testcase classname="tekdays.MessageControllerTests" name="testEdit" time="0.111" />
  <testcase classname="tekdays.MessageControllerTests" name="testShow" time="0.086" />
  <testcase classname="tekdays.MessageControllerTests" name="testDelete" time="0.081" />
  <testcase classname="tekdays.MessageControllerTests" name="testCreate" time="0.07" />
  <testcase classname="tekdays.MessageControllerTests" name="testIndex" time="0.083" />
  <system-out><![CDATA[--Output from testList--
--Output from testUpdate--
--Output from testSave--
--Output from testEdit--
--Output from testShow--
--Output from testDelete--
--Output from testCreate--
--Output from testIndex--
]]></system-out>
  <system-err><![CDATA[--Output from testList--
--Output from testUpdate--
--Output from testSave--
--Output from testEdit--
--Output from testShow--
--Output from testDelete--
--Output from testCreate--
--Output from testIndex--
]]></system-err>
</testsuite>
