<?xml version="1.0" encoding="UTF-8" ?>
<testsuite errors="0" failures="0" hostname="plasante-PC" name="tekdays.SponsorControllerTests" tests="8" time="0.945" timestamp="2014-01-11T16:56:13">
  <properties />
  <testcase classname="tekdays.SponsorControllerTests" name="testIndex" time="0.273" />
  <testcase classname="tekdays.SponsorControllerTests" name="testList" time="0.068" />
  <testcase classname="tekdays.SponsorControllerTests" name="testCreate" time="0.069" />
  <testcase classname="tekdays.SponsorControllerTests" name="testSave" time="0.11" />
  <testcase classname="tekdays.SponsorControllerTests" name="testShow" time="0.065" />
  <testcase classname="tekdays.SponsorControllerTests" name="testEdit" time="0.068" />
  <testcase classname="tekdays.SponsorControllerTests" name="testUpdate" time="0.081" />
  <testcase classname="tekdays.SponsorControllerTests" name="testDelete" time="0.089" />
  <system-out><![CDATA[--Output from testIndex--
--Output from testList--
--Output from testCreate--
--Output from testSave--
--Output from testShow--
--Output from testEdit--
--Output from testUpdate--
--Output from testDelete--
]]></system-out>
  <system-err><![CDATA[--Output from testIndex--
--Output from testList--
--Output from testCreate--
--Output from testSave--
--Output from testShow--
--Output from testEdit--
--Output from testUpdate--
--Output from testDelete--
]]></system-err>
</testsuite>
