<?xml version="1.0" encoding="UTF-8" ?>
<testsuite errors="0" failures="0" hostname="plasante-PC" name="tekdays.MessageControllerTests" tests="8" time="4.524" timestamp="2014-01-12T14:42:29">
  <properties />
  <testcase classname="tekdays.MessageControllerTests" name="testEdit" time="3.042" />
  <testcase classname="tekdays.MessageControllerTests" name="testUpdate" time="0.215" />
  <testcase classname="tekdays.MessageControllerTests" name="testShow" time="0.115" />
  <testcase classname="tekdays.MessageControllerTests" name="testSave" time="0.59" />
  <testcase classname="tekdays.MessageControllerTests" name="testDelete" time="0.103" />
  <testcase classname="tekdays.MessageControllerTests" name="testList" time="0.172" />
  <testcase classname="tekdays.MessageControllerTests" name="testCreate" time="0.068" />
  <testcase classname="tekdays.MessageControllerTests" name="testIndex" time="0.095" />
  <system-out><![CDATA[--Output from testEdit--
--Output from testUpdate--
--Output from testShow--
--Output from testSave--
--Output from testDelete--
--Output from testList--
--Output from testCreate--
--Output from testIndex--
]]></system-out>
  <system-err><![CDATA[--Output from testEdit--
--Output from testUpdate--
--Output from testShow--
--Output from testSave--
--Output from testDelete--
--Output from testList--
--Output from testCreate--
--Output from testIndex--
]]></system-err>
</testsuite>
