<?xml version="1.0" encoding="UTF-8" ?>
<testsuite errors="0" failures="0" hostname="plasante-PC" name="tekdays.TekUserControllerTests" tests="8" time="0.663" timestamp="2014-01-12T16:16:26">
  <properties />
  <testcase classname="tekdays.TekUserControllerTests" name="testCreate" time="0.186" />
  <testcase classname="tekdays.TekUserControllerTests" name="testSave" time="0.088" />
  <testcase classname="tekdays.TekUserControllerTests" name="testShow" time="0.041" />
  <testcase classname="tekdays.TekUserControllerTests" name="testUpdate" time="0.047" />
  <testcase classname="tekdays.TekUserControllerTests" name="testList" time="0.08" />
  <testcase classname="tekdays.TekUserControllerTests" name="testDelete" time="0.051" />
  <testcase classname="tekdays.TekUserControllerTests" name="testEdit" time="0.041" />
  <testcase classname="tekdays.TekUserControllerTests" name="testIndex" time="0.043" />
  <system-out><![CDATA[--Output from testCreate--
--Output from testSave--
--Output from testShow--
--Output from testUpdate--
--Output from testList--
--Output from testDelete--
--Output from testEdit--
--Output from testIndex--
]]></system-out>
  <system-err><![CDATA[--Output from testCreate--
--Output from testSave--
--Output from testShow--
--Output from testUpdate--
--Output from testList--
--Output from testDelete--
--Output from testEdit--
--Output from testIndex--
]]></system-err>
</testsuite>
