<?xml version="1.0" encoding="UTF-8" ?>
<testsuite errors="0" failures="0" hostname="plasante-PC" name="tekdays.TekEventControllerTests" tests="1" time="1.762" timestamp="2013-12-27T14:59:24">
  <properties />
  <testcase classname="tekdays.TekEventControllerTests" name="testSomething" time="1.436" />
  <system-out><![CDATA[--Output from testSomething--
]]></system-out>
  <system-err><![CDATA[--Output from testSomething--
]]></system-err>
</testsuite>
