<?xml version="1.0" encoding="UTF-8" ?>
<testsuite errors="0" failures="0" hostname="plasante-PC" name="tekdays.TekUserControllerTests" tests="8" time="0.601" timestamp="2014-01-05T19:07:28">
  <properties />
  <testcase classname="tekdays.TekUserControllerTests" name="testList" time="0.171" />
  <testcase classname="tekdays.TekUserControllerTests" name="testShow" time="0.079" />
  <testcase classname="tekdays.TekUserControllerTests" name="testSave" time="0.047" />
  <testcase classname="tekdays.TekUserControllerTests" name="testUpdate" time="0.067" />
  <testcase classname="tekdays.TekUserControllerTests" name="testDelete" time="0.045" />
  <testcase classname="tekdays.TekUserControllerTests" name="testEdit" time="0.042" />
  <testcase classname="tekdays.TekUserControllerTests" name="testCreate" time="0.039" />
  <testcase classname="tekdays.TekUserControllerTests" name="testIndex" time="0.036" />
  <system-out><![CDATA[--Output from testList--
--Output from testShow--
--Output from testSave--
--Output from testUpdate--
--Output from testDelete--
--Output from testEdit--
--Output from testCreate--
--Output from testIndex--
]]></system-out>
  <system-err><![CDATA[--Output from testList--
--Output from testShow--
--Output from testSave--
--Output from testUpdate--
--Output from testDelete--
--Output from testEdit--
--Output from testCreate--
--Output from testIndex--
]]></system-err>
</testsuite>
